<?xml version="1.0" encoding="UTF-8"?>
<testsuites name="New Test Suite" time="13.769" tests="1" failures="0" errors="0">
   <testsuite name="New Test Suite" tests="1" failures="0" errors="0" time="13.769" skipped="0" timestamp="2022-03-16 10:24:36" hostname="kahsing - CV-NB248-CKS" id="Test Suites/New Test Suite">
      <properties>
         <property name="deviceName" value=""/>
         <property name="devicePlatform" value=""/>
         <property name="logFolder" value="C:\\Users\\kahsing\\Katalon Studio\\First Katalon\\Reports\\20220316_102420\\New Test Suite\\20220316_102421"/>
         <property name="logFiles" value="C:\\Users\\kahsing\\Katalon Studio\\First Katalon\\Reports\\20220316_102420\\New Test Suite\\20220316_102421\\execution0.log"/>
         <property name="attachments" value=""/>
         <property name="hostName" value="kahsing - CV-NB248-CKS"/>
         <property name="os" value="Windows 10 64bit"/>
         <property name="katalonVersion" value="8.2.5.208"/>
         <property name="browser" value="Chrome 99.0.4844.51"/>
         <property name="hostAddress" value="192.168.254.1"/>
         <property name="sessionId" value="b3c37db799d5502024ac9c0e064ef6ed"/>
         <property name="seleniumVersion" value="3.141.59"/>
         <property name="proxyInformation" value="ProxyInformation { proxyOption=NO_PROXY, proxyServerType=HTTP, username=, password=********, proxyServerAddress=, proxyServerPort=0, executionList=&quot;&quot;, isApplyToDesiredCapabilities=true }"/>
         <property name="platform" value="Windows 10"/>
      </properties>
      <testcase name="Test Cases/Usm view mycsd" time="13.29" classname="Test Cases/Usm view mycsd" status="PASSED">
         <system-out><![CDATA[2022-03-16 10:24:37 - [TEST_CASE][PASSED] - Test Cases/Usm view mycsd: Test Cases/Usm view mycsd

2022-03-16 10:24:37 - [TEST_STEP][PASSED] - openBrowser(""): Browser is opened with url: ''

2022-03-16 10:24:38 - [MESSAGE][INFO] - Starting 'Chrome' driver

2022-03-16 10:24:38 - [MESSAGE][INFO] - Action delay is set to 200 milliseconds

2022-03-16 10:24:40 - [MESSAGE][PASSED] - Browser is opened with url: ''

2022-03-16 10:24:40 - [TEST_STEP][PASSED] - navigateToUrl("http://campusonline.usm.my/"): Navigate to 'http://campusonline.usm.my/' successfully

2022-03-16 10:24:41 - [MESSAGE][PASSED] - Navigate to 'http://campusonline.usm.my/' successfully

2022-03-16 10:24:41 - [TEST_STEP][PASSED] - click(findTestObject("Object Repository/Page_USM CampusOnline Portal/span_Login with USM ID")): Object: 'Object Repository/Page_USM CampusOnline Portal/span_Login with USM ID' is clicked on

2022-03-16 10:24:42 - [MESSAGE][PASSED] - Object: 'Object Repository/Page_USM CampusOnline Portal/span_Login with USM ID' is clicked on

2022-03-16 10:24:42 - [TEST_STEP][PASSED] - setText(findTestObject("Object Repository/Page_Sign In/input_Identity Single Sign On_UserName"), "kahsingc99@student.usm.my"): Text 'kahsingc99@student.usm.my' is set on object 'Object Repository/Page_Sign In/input_Identity Single Sign On_UserName'

2022-03-16 10:24:43 - [MESSAGE][PASSED] - Text 'kahsingc99@student.usm.my' is set on object 'Object Repository/Page_Sign In/input_Identity Single Sign On_UserName'

2022-03-16 10:24:43 - [TEST_STEP][PASSED] - setEncryptedText(findTestObject("Object Repository/Page_Sign In/input_Identity Single Sign On_Password"), "/UuVw8zBvQIWom9KeclPBQ=="): Text ****** has been set on object 'Object Repository/Page_Sign In/input_Identity Single Sign On_Password'

2022-03-16 10:24:44 - [MESSAGE][PASSED] - Text ****** has been set on object 'Object Repository/Page_Sign In/input_Identity Single Sign On_Password'

2022-03-16 10:24:44 - [TEST_STEP][PASSED] - click(findTestObject("Object Repository/Page_Sign In/span_Sign in")): Object: 'Object Repository/Page_Sign In/span_Sign in' is clicked on

2022-03-16 10:24:47 - [MESSAGE][PASSED] - Object: 'Object Repository/Page_Sign In/span_Sign in' is clicked on

2022-03-16 10:24:47 - [TEST_STEP][PASSED] - click(findTestObject("Object Repository/Page_SMU-Pelajar/b_Student Profile_arrow fa fa-angle-down")): Object: 'Object Repository/Page_SMU-Pelajar/b_Student Profile_arrow fa fa-angle-down' is clicked on

2022-03-16 10:24:48 - [MESSAGE][PASSED] - Object: 'Object Repository/Page_SMU-Pelajar/b_Student Profile_arrow fa fa-angle-down' is clicked on

2022-03-16 10:24:48 - [TEST_STEP][PASSED] - click(findTestObject("Object Repository/Page_SMU-Pelajar/a_MyCSD")): Object: 'Object Repository/Page_SMU-Pelajar/a_MyCSD' is clicked on

2022-03-16 10:24:49 - [MESSAGE][PASSED] - Object: 'Object Repository/Page_SMU-Pelajar/a_MyCSD' is clicked on

2022-03-16 10:24:49 - [TEST_STEP][PASSED] - click(findTestObject("Object Repository/Page_SMU-Pelajar/a_Projek")): Object: 'Object Repository/Page_SMU-Pelajar/a_Projek' is clicked on

2022-03-16 10:24:49 - [MESSAGE][PASSED] - Object: 'Object Repository/Page_SMU-Pelajar/a_Projek' is clicked on

2022-03-16 10:24:49 - [TEST_STEP][PASSED] - closeBrowser(): Browser is closed

2022-03-16 10:24:50 - [MESSAGE][PASSED] - Browser is closed]]></system-out>
         <system-err><![CDATA[]]></system-err>
      </testcase>
      <system-out><![CDATA[2022-03-16 10:24:36 - [TEST_SUITE][PASSED] - New Test Suite: Test Cases/Usm view mycsd]]></system-out>
      <system-err><![CDATA[]]></system-err>
   </testsuite>
</testsuites>
